<?xml version="1.0" encoding="UTF-8"?>
<testsuites>
  <testsuite name="filter_manager" timestamp="2023-12-05T15:38:34Z" hostname="8558541aa276" tests="4" skipped="0" failures="0" errors="0" time="0.264">
    <testcase time="0.203" classname="filter_manager" name="filter_manager_srv_initializes_properly_processes_input_arguments"/>
    <testcase time="0.0149999999999999" classname="filter_manager" name="filter_manager_srv_initializes_properly_processes_input_arguments"/>
    <testcase time="0.044" classname="filter_manager" name="filter_manager_srv_initializes_properly_processes_input_arguments"/>
    <testcase time="0.002" classname="filter_manager" name="filter_manager_srv_initializes_properly_processes_input_arguments"/>
  </testsuite>
  <testsuite name="init" timestamp="2023-12-05T15:38:34Z" hostname="8558541aa276" tests="31" skipped="0" failures="0" errors="0" time="6.751">
    <testcase time="0.321" classname="init" name="init_data_accepts_TealData_object"/>
    <testcase time="0.038" classname="init" name="init_data_accepts_teal_data_object"/>
    <testcase time="0.0129999999999999" classname="init" name="init_data_throws_an_error_with_input_other_than_TealData_teal_data_and_list_ui_server_"/>
    <testcase time="0.004" classname="init" name="init_data_throws_an_error_with_input_other_than_TealData_teal_data_and_list_ui_server_"/>
    <testcase time="0.00500000000000012" classname="init" name="init_data_throws_an_error_with_input_other_than_TealData_teal_data_and_list_ui_server_"/>
    <testcase time="0.004" classname="init" name="init_data_throws_an_error_with_input_other_than_TealData_teal_data_and_list_ui_server_"/>
    <testcase time="0.00600000000000001" classname="init" name="init_data_throws_an_error_with_input_other_than_TealData_teal_data_and_list_ui_server_"/>
    <testcase time="0.046" classname="init" name="init_data_accepts_a_single_TealDataset"/>
    <testcase time="0.0469999999999999" classname="init" name="init_data_accepts_a_list_of_single_TealDataset_without_renaming"/>
    <testcase time="0.044" classname="init" name="init_data_accepts_a_single_dataframe"/>
    <testcase time="0.0489999999999999" classname="init" name="init_data_accepts_a_list_of_single_dataframe_without_renaming"/>
    <testcase time="0.0369999999999999" classname="init" name="init_data_accepts_a_list_of_single_dataframe_with_renaming"/>
    <testcase time="0.0390000000000001" classname="init" name="init_data_accepts_a_list_of_a_TealDataset_and_a_dataframe_without_renaming"/>
    <testcase time="4.64" classname="init" name="init_data_accepts_a_single_MultiAssayExperiment_object"/>
    <testcase time="0.0909999999999993" classname="init" name="init_data_accepts_a_list_of_a_single_MultiAssayExperiment_object_without_renaming"/>
    <testcase time="0.0960000000000001" classname="init" name="init_data_accepts_a_list_of_a_single_MultiAssayExperiment_object_with_renaming"/>
    <testcase time="0.101" classname="init" name="init_data_acceptsa_mixed_list_of_MultiAssayExperiment_object_and_data.frame"/>
    <testcase time="0.121" classname="init" name="init_data_accepts_a_list_of_a_TealDataset_and_a_dataframe_with_renaming"/>
    <testcase time="0.0519999999999996" classname="init" name="init_data_accepts_a_list_of_mixed_TealDataset_and_dataframe_with_mixed_renaming"/>
    <testcase time="0.0650000000000004" classname="init" name="init_data_accepts_TealDatasetConnector_object"/>
    <testcase time="0.0549999999999997" classname="init" name="init_data_accepts_a_list_of_TealDatasetConnector_object"/>
    <testcase time="0.0460000000000003" classname="init" name="init_data_accepts_teal_data_module"/>
    <testcase time="0.0499999999999998" classname="init" name="init_modules_accepts_a_teal_modules_object"/>
    <testcase time="0.0490000000000004" classname="init" name="init_modules_accepts_a_list_of_teal_module_elements"/>
    <testcase time="0.0519999999999996" classname="init" name="init_modules_accepts_a_teal_module_object"/>
    <testcase time="0.0590000000000002" classname="init" name="init_filter_accepts_teal_slices_"/>
    <testcase time="0.0110000000000001" classname="init" name="init_filter_accepts_teal_slices_"/>
    <testcase time="0.508999999999999" classname="init" name="init_throws_when_data_has_no_datanames"/>
    <testcase time="0.0470000000000006" classname="init" name="init_throws_when_incompatible_module_s_datanames"/>
    <testcase time="0.00199999999999978" classname="init" name="init_throws_when_incompatible_module_s_datanames"/>
    <testcase time="0.0519999999999996" classname="init" name="init_throws_when_incompatible_filter_s_datanames"/>
  </testsuite>
  <testsuite name="module_nested_tabs" timestamp="2023-12-05T15:38:41Z" hostname="8558541aa276" tests="35" skipped="0" failures="0" errors="0" time="1.357">
    <testcase time="0.0540000000000003" classname="module_nested_tabs" name="srv_nested_tabs_throws_error_if_reporter_is_not_inherited_from_class_Reporter"/>
    <testcase time="0.048" classname="module_nested_tabs" name="passed_shiny_module_is_initialized_only_when_the_UI_is_triggered"/>
    <testcase time="0.0430000000000001" classname="module_nested_tabs" name="passed_shiny_module_is_initialized_only_when_the_UI_is_triggered"/>
    <testcase time="0.032" classname="module_nested_tabs" name="nested_teal_modules_are_initialized_when_the_UI_is_triggered"/>
    <testcase time="0.0549999999999997" classname="module_nested_tabs" name="nested_teal_modules_are_initialized_when_the_UI_is_triggered"/>
    <testcase time="0.0289999999999999" classname="module_nested_tabs" name="modules_reactive_is_a_list_of_reactives"/>
    <testcase time="0.00200000000000067" classname="module_nested_tabs" name="modules_reactive_is_a_list_of_reactives"/>
    <testcase time="0.000999999999999446" classname="module_nested_tabs" name="modules_reactive_is_a_list_of_reactives"/>
    <testcase time="0.048" classname="module_nested_tabs" name="modules_reactive_returns_modules_according_to_selection_in_the_nested_tabs"/>
    <testcase time="0.0220000000000002" classname="module_nested_tabs" name="modules_reactive_returns_modules_according_to_selection_in_the_nested_tabs"/>
    <testcase time="0.0080000000000009" classname="module_nested_tabs" name="Change_of_this_tab_returns_active_module_from_this_tab"/>
    <testcase time="0.00600000000000023" classname="module_nested_tabs" name="Change_of_this_tab_returns_active_module_from_this_tab"/>
    <testcase time="0.0309999999999988" classname="module_nested_tabs" name="srv_nested_tabs.teal_module_does_not_pass_data_if_not_in_the_args_explicitly"/>
    <testcase time="0.0869999999999997" classname="module_nested_tabs" name="srv_nested_tabs.teal_module_does_pass_data_if_in_the_args_explicitly"/>
    <testcase time="0.0440000000000005" classname="module_nested_tabs" name="srv_nested_tabs.teal_module_passes_data_to_the_server_module"/>
    <testcase time="0.0190000000000001" classname="module_nested_tabs" name="srv_nested_tabs.teal_module_passes_datasets_to_the_server_module"/>
    <testcase time="0.0199999999999996" classname="module_nested_tabs" name="srv_nested_tabs.teal_module_passes_server_args_to_the_..."/>
    <testcase time="0.0460000000000012" classname="module_nested_tabs" name="srv_nested_tabs.teal_module_warns_if_both_data_and_datasets_are_passed"/>
    <testcase time="0.0329999999999995" classname="module_nested_tabs" name="srv_nested_tabs.teal_module_doesn_t_pass_filter_panel_api_if_not_in_the_args_explicitly"/>
    <testcase time="0.0289999999999999" classname="module_nested_tabs" name="srv_nested_tabs.teal_module_passes_filter_panel_api_when_passed_in_the_args_explicitly"/>
    <testcase time="0.0190000000000001" classname="module_nested_tabs" name="srv_nested_tabs.teal_module_passes_filter_panel_api_to_the_server_module"/>
    <testcase time="0.314" classname="module_nested_tabs" name=".datasets_to_data_accepts_a_reactiveVal_as_trigger_data_input"/>
    <testcase time="0.0619999999999994" classname="module_nested_tabs" name=".datasets_to_data_throws_error_if_trigger_data_is_not_a_reactiveVal_function"/>
    <testcase time="0.0910000000000011" classname="module_nested_tabs" name=".datasets_to_data_returns_data_which_is_filtered"/>
    <testcase time="0.00199999999999889" classname="module_nested_tabs" name=".datasets_to_data_returns_data_which_is_filtered"/>
    <testcase time="0.0460000000000012" classname="module_nested_tabs" name=".datasets_to_data_returns_only_data_requested_by_modules_datanames"/>
    <testcase time="0.0519999999999996" classname="module_nested_tabs" name=".datasets_to_data_returns_tdata_object"/>
    <testcase time="0.00399999999999956" classname="module_nested_tabs" name=".datasets_to_data_returns_tdata_object"/>
    <testcase time="0.016" classname="module_nested_tabs" name=".datasets_to_data_returns_tdata_object"/>
    <testcase time="0.0120000000000005" classname="module_nested_tabs" name="calculate_hashes_takes_a_FilteredData_and_vector_of_datanames_as_input"/>
    <testcase time="0.0120000000000005" classname="module_nested_tabs" name="calculate_hashes_returns_a_named_list"/>
    <testcase time="0.000999999999999446" classname="module_nested_tabs" name="calculate_hashes_returns_a_named_list"/>
    <testcase time="0.00200000000000067" classname="module_nested_tabs" name="calculate_hashes_returns_a_named_list"/>
    <testcase time="0.0569999999999986" classname="module_nested_tabs" name="calculate_hashes_returns_the_hash_of_the_non_Filtered_dataset"/>
    <testcase time="0.00999999999999979" classname="module_nested_tabs" name="calculate_hashes_returns_the_hash_of_the_non_Filtered_dataset"/>
  </testsuite>
  <testsuite name="module_tabs_with_filters" timestamp="2023-12-05T15:38:42Z" hostname="8558541aa276" tests="8" skipped="0" failures="0" errors="0" time="0.962">
    <testcase time="0.0180000000000007" classname="module_tabs_with_filters" name="srv_tabs_with_filters_throws_error_if_reporter_is_not_of_class_Reporter"/>
    <testcase time="0.327" classname="module_tabs_with_filters" name="active_module_returns_module_specs_from_active_tab_when_filter.module_specific_FALSE"/>
    <testcase time="0.0419999999999998" classname="module_tabs_with_filters" name="active_module_returns_module_specs_from_active_tab_when_filter.module_specific_FALSE"/>
    <testcase time="0.0199999999999996" classname="module_tabs_with_filters" name="srv_tabs_with_filters_throws_error_if_reporter_is_not_of_class_Reporter"/>
    <testcase time="0.225000000000001" classname="module_tabs_with_filters" name="active_datanames_returns_dataname_from_single_tab"/>
    <testcase time="0.141999999999999" classname="module_tabs_with_filters" name="active_datanames_returns_dataname_from_active_tab_after_change"/>
    <testcase time="0.167" classname="module_tabs_with_filters" name="active_datanames_returns_dataname_from_active_tab_after_change"/>
    <testcase time="0.0210000000000008" classname="module_tabs_with_filters" name="active_datanames_returns_dataname_from_active_tab_after_change"/>
  </testsuite>
  <testsuite name="module_teal" timestamp="2023-12-05T15:38:43Z" hostname="8558541aa276" tests="8" skipped="0" failures="0" errors="0" time="0.184">
    <testcase time="0.032" classname="module_teal" name="srv_teal_fails_when_teal_data_rv_is_not_reactive"/>
    <testcase time="0.0309999999999988" classname="module_teal" name="srv_teal_when_teal_data_rv_changes_datasets_reactive_is_initialized_as_list_of_FilteredData"/>
    <testcase time="0.0289999999999999" classname="module_teal" name="srv_teal_initialized_datasets_reactive_list_reflects_modules_structure"/>
    <testcase time="0.00100000000000122" classname="module_teal" name="srv_teal_initialized_datasets_reactive_list_reflects_modules_structure"/>
    <testcase time="0.0289999999999999" classname="module_teal" name="srv_teal_initialized_data_containing_same_FilteredData_when_the_filter_is_global"/>
    <testcase time="0.000999999999999446" classname="module_teal" name="srv_teal_initialized_data_containing_same_FilteredData_when_the_filter_is_global"/>
    <testcase time="0.0579999999999998" classname="module_teal" name="srv_teal_initialized_data_containing_different_FilteredData_when_the_filter_is_module_specific"/>
    <testcase time="0.00300000000000011" classname="module_teal" name="srv_teal_initialized_data_containing_different_FilteredData_when_the_filter_is_module_specific"/>
  </testsuite>
  <testsuite name="module_teal_with_splash" timestamp="2023-12-05T15:38:43Z" hostname="8558541aa276" tests="42" skipped="0" failures="0" errors="0" time="0.801">
    <testcase time="0.0240000000000009" classname="module_teal_with_splash" name="srv_teal_with_splash_data_accepts_a_teal_data_module"/>
    <testcase time="0.0169999999999995" classname="module_teal_with_splash" name="srv_teal_with_splash_throws_when_teal_data_module_doesn_t_return_reactive"/>
    <testcase time="0.0179999999999989" classname="module_teal_with_splash" name="srv_teal_with_splash_teal_data_rv_evaluates_the_server_of_teal_data_module"/>
    <testcase time="0.00200000000000067" classname="module_teal_with_splash" name="srv_teal_with_splash_teal_data_rv_evaluates_the_server_of_teal_data_module"/>
    <testcase time="0.0190000000000001" classname="module_teal_with_splash" name="srv_teal_with_splash_passes_teal_data_to_reactive"/>
    <testcase time="0.00300000000000011" classname="module_teal_with_splash" name="srv_teal_with_splash_passes_teal_data_to_reactive"/>
    <testcase time="0.0250000000000004" classname="module_teal_with_splash" name="srv_teal_with_splash_throws_when_datanames_are_empty"/>
    <testcase time="0.0190000000000001" classname="module_teal_with_splash" name="srv_teal_with_splash_teal_data_rv_validate_throws_when_teal_data_module_returns_error"/>
    <testcase time="0.00699999999999967" classname="module_teal_with_splash" name="srv_teal_with_splash_teal_data_rv_validate_throws_when_teal_data_module_returns_error"/>
    <testcase time="0.0190000000000001" classname="module_teal_with_splash" name="srv_teal_with_splash_teal_data_rv_validate_throws_then_qenv.error_occurs"/>
    <testcase time="0.0220000000000002" classname="module_teal_with_splash" name="srv_teal_with_splash_teal_data_rv_validate_throws_then_qenv.error_occurs"/>
    <testcase time="0.0199999999999996" classname="module_teal_with_splash" name="srv_teal_with_splash_teal_data_rv_validate_throws_when_teal_data_module_doesn_t_return_teal_data"/>
    <testcase time="0.00699999999999967" classname="module_teal_with_splash" name="srv_teal_with_splash_teal_data_rv_validate_throws_when_teal_data_module_doesn_t_return_teal_data"/>
    <testcase time="0.0289999999999999" classname="module_teal_with_splash" name="srv_teal_with_splash_creates_raw_data_based_on_DDL_returns_NULL_before_loading"/>
    <testcase time="0.0259999999999998" classname="module_teal_with_splash" name="srv_teal_with_splash_creates_raw_data_based_on_DDL_returns_pulled_data_when_loaded"/>
    <testcase time="0.306000000000001" classname="module_teal_with_splash" name="srv_teal_with_splash_creates_raw_data_based_on_DDL_returns_pulled_data_when_loaded"/>
    <testcase time="0.00199999999999889" classname="module_teal_with_splash" name="srv_teal_with_splash_creates_raw_data_based_on_DDL_returns_pulled_data_when_loaded"/>
    <testcase time="0.0289999999999999" classname="module_teal_with_splash" name="srv_teal_with_splash_teal_data_rv_validate_throws_when_incompatible_module_s_datanames"/>
    <testcase time="0.00699999999999967" classname="module_teal_with_splash" name="srv_teal_with_splash_teal_data_rv_validate_throws_when_incompatible_module_s_datanames"/>
    <testcase time="0.0220000000000002" classname="module_teal_with_splash" name="srv_teal_with_splash_teal_data_rv_validate_returns_teal_data_if_incompatible_filter_s_datanames"/>
    <testcase time="0.00699999999999967" classname="module_teal_with_splash" name="srv_teal_with_splash_teal_data_rv_validate_returns_teal_data_if_incompatible_filter_s_datanames"/>
    <testcase time="0.0229999999999997" classname="module_teal_with_splash" name="srv_teal_with_splash_gets_observe_event_from_srv_teal"/>
    <testcase time="0.0250000000000004" classname="module_teal_with_splash" name="srv_teal_with_splash_accepts_data_after_within.teal_data_module"/>
    <testcase time="0.00200000000000067" classname="module_teal_with_splash" name="srv_teal_with_splash_accepts_data_after_within.teal_data_module"/>
    <testcase time="0.00599999999999845" classname="module_teal_with_splash" name="srv_teal_with_splash_accepts_data_after_within.teal_data_module"/>
    <testcase time="0.00200000000000067" classname="module_teal_with_splash" name="srv_teal_with_splash_accepts_data_after_within.teal_data_module"/>
    <testcase time="0.00200000000000067" classname="module_teal_with_splash" name="srv_teal_with_splash_accepts_data_after_within.teal_data_module"/>
    <testcase time="0.0199999999999996" classname="module_teal_with_splash" name="srv_teal_with_splash_throws_error_when_within.teal_data_module_returns_qenv.error"/>
    <testcase time="0.00399999999999956" classname="module_teal_with_splash" name="srv_teal_with_splash_throws_error_when_within.teal_data_module_returns_qenv.error"/>
    <testcase time="0.000999999999999446" classname="module_teal_with_splash" name="srv_teal_with_splash_throws_error_when_within.teal_data_module_returns_qenv.error"/>
    <testcase time="0.0080000000000009" classname="module_teal_with_splash" name="srv_teal_with_splash_throws_error_when_within.teal_data_module_returns_qenv.error"/>
    <testcase time="0.00200000000000067" classname="module_teal_with_splash" name="srv_teal_with_splash_throws_error_when_within.teal_data_module_returns_qenv.error"/>
    <testcase time="0.0199999999999996" classname="module_teal_with_splash" name="srv_teal_with_splash_throws_error_when_within.teal_data_module_returns_NULL"/>
    <testcase time="0.00600000000000023" classname="module_teal_with_splash" name="srv_teal_with_splash_throws_error_when_within.teal_data_module_returns_NULL"/>
    <testcase time="0.000999999999999446" classname="module_teal_with_splash" name="srv_teal_with_splash_throws_error_when_within.teal_data_module_returns_NULL"/>
    <testcase time="0.00799999999999912" classname="module_teal_with_splash" name="srv_teal_with_splash_throws_error_when_within.teal_data_module_returns_NULL"/>
    <testcase time="0.00200000000000067" classname="module_teal_with_splash" name="srv_teal_with_splash_throws_error_when_within.teal_data_module_returns_NULL"/>
    <testcase time="0.0210000000000008" classname="module_teal_with_splash" name="srv_teal_with_splash_throws_error_when_within.teal_data_module_returns_arbitrary_object_other_than_teal_data_or_qenv.error_"/>
    <testcase time="0.00600000000000023" classname="module_teal_with_splash" name="srv_teal_with_splash_throws_error_when_within.teal_data_module_returns_arbitrary_object_other_than_teal_data_or_qenv.error_"/>
    <testcase time="0.00199999999999889" classname="module_teal_with_splash" name="srv_teal_with_splash_throws_error_when_within.teal_data_module_returns_arbitrary_object_other_than_teal_data_or_qenv.error_"/>
    <testcase time="0.0080000000000009" classname="module_teal_with_splash" name="srv_teal_with_splash_throws_error_when_within.teal_data_module_returns_arbitrary_object_other_than_teal_data_or_qenv.error_"/>
    <testcase time="0.00199999999999889" classname="module_teal_with_splash" name="srv_teal_with_splash_throws_error_when_within.teal_data_module_returns_arbitrary_object_other_than_teal_data_or_qenv.error_"/>
  </testsuite>
  <testsuite name="rcode_utils" timestamp="2023-12-05T15:38:44Z" hostname="8558541aa276" tests="7" skipped="0" failures="0" errors="0" time="0.063">
    <testcase time="0.00600000000000023" classname="rcode_utils" name="With_no_teal.load_nest_code_option_set_get_rcode_str_install_returns_default_string"/>
    <testcase time="0.00399999999999956" classname="rcode_utils" name="With_teal.load_nest_code_option_set_to_character_get_rcode_str_install_returns_option_value"/>
    <testcase time="0.00100000000000122" classname="rcode_utils" name="With_teal.load_nest_code_option_set_to_character_get_rcode_str_install_returns_option_value"/>
    <testcase time="0.00399999999999956" classname="rcode_utils" name="With_teal.load_nest_code_option_is_not_character_get_rcode_str_install_silently_returns_default_string"/>
    <testcase time="0.000999999999999446" classname="rcode_utils" name="With_teal.load_nest_code_option_is_not_character_get_rcode_str_install_silently_returns_default_string"/>
    <testcase time="0.0350000000000001" classname="rcode_utils" name="get_rcode_libraries_returns_current_session_packages"/>
    <testcase time="0.0120000000000005" classname="rcode_utils" name="get_datasets_code_returns_code_only_for_specified_datanames"/>
  </testsuite>
  <testsuite name="report_previewer_module" timestamp="2023-12-05T15:38:44Z" hostname="8558541aa276" tests="5" skipped="0" failures="0" errors="0" time="0.026">
    <testcase time="0.00999999999999979" classname="report_previewer_module" name="report_previewer_module_throws_error_if_label_is_not_string"/>
    <testcase time="0.00399999999999956" classname="report_previewer_module" name="report_previewer_module_throws_error_if_label_is_not_string"/>
    <testcase time="0.00600000000000023" classname="report_previewer_module" name="report_previewer_module_throws_no_error_and_stores_label_if_label_is_string"/>
    <testcase time="0.000999999999999446" classname="report_previewer_module" name="report_previewer_module_throws_no_error_and_stores_label_if_label_is_string"/>
    <testcase time="0.00500000000000078" classname="report_previewer_module" name="report_previewer_module_default_label_is_Report_previewer_"/>
  </testsuite>
  <testsuite name="snapshot_manager" timestamp="2023-12-05T15:38:44Z" hostname="8558541aa276" tests="2" skipped="0" failures="0" errors="0" time="0.079">
    <testcase time="0.0570000000000004" classname="snapshot_manager" name="snapshot_manager_holds_initial_state_in_history"/>
    <testcase time="0.0220000000000002" classname="snapshot_manager" name="snapshot_manager_holds_initial_state_in_history"/>
  </testsuite>
  <testsuite name="tdata" timestamp="2023-12-05T15:38:44Z" hostname="8558541aa276" tests="33" skipped="0" failures="0" errors="0" time="0.31">
    <testcase time="0.0530000000000008" classname="tdata" name="new_tdata_accepts_reactive_and_not_reactive_MAE_and_data.frames"/>
    <testcase time="0.020999999999999" classname="tdata" name="new_tdata_throws_error_if_data_is_not_a_list_with_unique_names"/>
    <testcase time="0.00500000000000078" classname="tdata" name="new_tdata_throws_error_if_data_is_not_a_list_with_unique_names"/>
    <testcase time="0.00399999999999956" classname="tdata" name="new_tdata_throws_error_if_data_is_not_a_list_with_unique_names"/>
    <testcase time="0.00699999999999967" classname="tdata" name="new_tdata_throws_error_if_contents_of_data_list_are_not_of_correct_type"/>
    <testcase time="0.00699999999999967" classname="tdata" name="new_tdata_throws_error_if_contents_of_data_list_are_not_of_correct_type"/>
    <testcase time="0.00699999999999967" classname="tdata" name="new_tdata_throws_error_if_code_is_not_character_or_reactive_character"/>
    <testcase time="0.00600000000000023" classname="tdata" name="new_tdata_throws_error_if_code_is_not_character_or_reactive_character"/>
    <testcase time="0.00400000000000134" classname="tdata" name="new_tdata_accepts_character_and_reactive_characters_for_code_argument"/>
    <testcase time="0.00399999999999956" classname="tdata" name="new_tdata_accepts_character_and_reactive_characters_for_code_argument"/>
    <testcase time="0.00600000000000023" classname="tdata" name="new_tdata_throws_error_if_join_keys_is_not_of_class_join_keys"/>
    <testcase time="0.00499999999999901" classname="tdata" name="new_tdata_throws_no_error_if_join_keys_is_of_class_join_keys"/>
    <testcase time="0.00699999999999967" classname="tdata" name="new_tdata_throws_error_if_metadata_is_not_a_list_with_unique_names_a_subset_of_the_names_of_data"/>
    <testcase time="0.00500000000000078" classname="tdata" name="new_tdata_throws_error_if_metadata_is_not_a_list_with_unique_names_a_subset_of_the_names_of_data"/>
    <testcase time="0.00399999999999956" classname="tdata" name="new_tdata_throws_error_if_metadata_is_not_a_list_with_unique_names_a_subset_of_the_names_of_data"/>
    <testcase time="0.00600000000000023" classname="tdata" name="new_tdata_does_not_throw_error_with_valid_metadata"/>
    <testcase time="0.00600000000000023" classname="tdata" name="get_metadata_returns_NULL_if_no_metadata"/>
    <testcase time="0.00699999999999967" classname="tdata" name="get_metadata_returns_NULL_if_no_metadata_for_given_dataset"/>
    <testcase time="0.00500000000000078" classname="tdata" name="get_metadata_returns_metadata_for_given_dataset"/>
    <testcase time="0.00699999999999967" classname="tdata" name="get_metadata_returns_NULL_if_dataset_doesn_t_exist"/>
    <testcase time="0.00600000000000023" classname="tdata" name="get_code_returns_empty_character_if_tdata_object_has_no_code"/>
    <testcase time="0.00600000000000023" classname="tdata" name="get_code_returns_character_of_code_if_tdata_object_has_code"/>
    <testcase time="0.00300000000000011" classname="tdata" name="get_code_returns_character_of_code_if_tdata_object_has_code"/>
    <testcase time="0.00499999999999901" classname="tdata" name="get_code_tdata_accepts_tdata"/>
    <testcase time="0.0080000000000009" classname="tdata" name="get_code_tdata_throws_error_when_input_is_not_tdata"/>
    <testcase time="0.00600000000000023" classname="tdata" name="get_code_tdata_throws_error_when_input_is_not_tdata"/>
    <testcase time="0.00499999999999901" classname="tdata" name="get_code_tdata_returns_character_code"/>
    <testcase time="0.0440000000000005" classname="tdata" name="tdata2env_returns_environment_containing_tdata_contents_"/>
    <testcase time="0.00199999999999889" classname="tdata" name="tdata2env_returns_environment_containing_tdata_contents_"/>
    <testcase time="0.0260000000000016" classname="tdata" name="tdata2env_returns_environment_containing_tdata_contents_"/>
    <testcase time="0.00799999999999912" classname="tdata" name="tdata2env_throws_error_if_argument_is_not_tdata"/>
    <testcase time="0.0080000000000009" classname="tdata" name="join_keys_returns_NULL_if_no_join_keys_object_exists_inside_tdata"/>
    <testcase time="0.00699999999999967" classname="tdata" name="join_keys_returns_join_keys_object_if_it_exists_inside_tdata"/>
  </testsuite>
  <testsuite name="teal_data_module-eval_code" timestamp="2023-12-05T15:38:44Z" hostname="8558541aa276" tests="16" skipped="0" failures="0" errors="0" time="0.104">
    <testcase time="0.00699999999999967" classname="teal_data_module_eval_code" name="within.teal_data_module_returns_an_object_with_teal_data_module_class"/>
    <testcase time="0.00399999999999956" classname="teal_data_module_eval_code" name="eval_code.teal_data_module_ui_has_modified_namespace_for_id"/>
    <testcase time="0.000999999999999446" classname="teal_data_module_eval_code" name="eval_code.teal_data_module_ui_has_modified_namespace_for_id"/>
    <testcase time="0.00100000000000122" classname="teal_data_module_eval_code" name="eval_code.teal_data_module_ui_has_modified_namespace_for_id"/>
    <testcase time="0.0139999999999993" classname="teal_data_module_eval_code" name="within.teal_data_module_modifies_the_reactive_tea_data_object"/>
    <testcase time="0.000999999999999446" classname="teal_data_module_eval_code" name="within.teal_data_module_modifies_the_reactive_tea_data_object"/>
    <testcase time="0.0150000000000006" classname="teal_data_module_eval_code" name="eval_code.teal_data_module_will_execute_several_times_until_error"/>
    <testcase time="0.000999999999999446" classname="teal_data_module_eval_code" name="eval_code.teal_data_module_will_execute_several_times_until_error"/>
    <testcase time="0.00200000000000067" classname="teal_data_module_eval_code" name="eval_code.teal_data_module_will_execute_several_times_until_error"/>
    <testcase time="0.0139999999999993" classname="teal_data_module_eval_code" name="eval_code.teal_data_module_throws_error_when_original_teal_data_module_result_is_not_reactive"/>
    <testcase time="0.0140000000000011" classname="teal_data_module_eval_code" name="eval_code.teal_data_module_propagates_qenv_error_from_the_original_first_call"/>
    <testcase time="0.00199999999999889" classname="teal_data_module_eval_code" name="eval_code.teal_data_module_propagates_qenv_error_from_the_original_first_call"/>
    <testcase time="0.011000000000001" classname="teal_data_module_eval_code" name="eval_code.teal_data_module_handles_an_arbitrary_object_other_than_teal_data_or_qenv.error_"/>
    <testcase time="0.000999999999999446" classname="teal_data_module_eval_code" name="eval_code.teal_data_module_handles_an_arbitrary_object_other_than_teal_data_or_qenv.error_"/>
    <testcase time="0.0140000000000011" classname="teal_data_module_eval_code" name="eval_code.teal_data_module_handles_a_NULL_result"/>
    <testcase time="0.00199999999999889" classname="teal_data_module_eval_code" name="eval_code.teal_data_module_handles_a_NULL_result"/>
  </testsuite>
  <testsuite name="teal_data_module" timestamp="2023-12-05T15:38:44Z" hostname="8558541aa276" tests="3" skipped="0" failures="0" errors="0" time="0.02">
    <testcase time="0.00600000000000023" classname="teal_data_module" name="teal_data_module_returns_teal_data_module"/>
    <testcase time="0.00699999999999967" classname="teal_data_module" name="teal_data_module_throws_when_ui_has_other_formals_than_id_only"/>
    <testcase time="0.00699999999999967" classname="teal_data_module" name="teal_data_module_throws_when_server_has_other_formals_than_id_only"/>
  </testsuite>
  <testsuite name="teal_reporter" timestamp="2023-12-05T15:38:44Z" hostname="8558541aa276" tests="25" skipped="0" failures="0" errors="0" time="0.144">
    <testcase time="0.0100000000000016" classname="teal_reporter" name="TealReportCard_object_can_be_initialized"/>
    <testcase time="0.00499999999999901" classname="teal_reporter" name="TealReportCard_inherits_from_ReportCard"/>
    <testcase time="0.00600000000000023" classname="teal_reporter" name="TealReportCard_new_returns_an_object_of_type_TealReportCard"/>
    <testcase time="0.011000000000001" classname="teal_reporter" name="TealReportCard_get_content_returns_content_with_metadata"/>
    <testcase time="0.000999999999999446" classname="teal_reporter" name="TealReportCard_get_content_returns_content_with_metadata"/>
    <testcase time="0.00200000000000067" classname="teal_reporter" name="TealReportCard_get_content_returns_content_with_metadata"/>
    <testcase time="0.000999999999999446" classname="teal_reporter" name="TealReportCard_get_content_returns_content_with_metadata"/>
    <testcase time="0.000999999999999446" classname="teal_reporter" name="TealReportCard_get_content_returns_content_with_metadata"/>
    <testcase time="0.00400000000000134" classname="teal_reporter" name="TealReportCard_append_src_accepts_a_character"/>
    <testcase time="0.00399999999999956" classname="teal_reporter" name="TealReportCard_append_src_returns_self"/>
    <testcase time="0.00499999999999901" classname="teal_reporter" name="TealReportCard_append_src_returns_title_and_content"/>
    <testcase time="0.00400000000000134" classname="teal_reporter" name="TealReportCard_append_encodings_accepts_list_of_character"/>
    <testcase time="0.00499999999999901" classname="teal_reporter" name="TealReportCard_append_encodings_returns_self"/>
    <testcase time="0.00399999999999956" classname="teal_reporter" name="TealReportCard_append_encodings_returns_title_and_content"/>
    <testcase time="0.00100000000000122" classname="teal_reporter" name="TealReportCard_append_encodings_returns_title_and_content"/>
    <testcase time="0.00799999999999912" classname="teal_reporter" name="TealReportCard_append_fs_accepts_only_a_teal_slices"/>
    <testcase time="0.00699999999999967" classname="teal_reporter" name="TealReportCard_append_fs_accepts_only_a_teal_slices"/>
    <testcase time="0.0080000000000009" classname="teal_reporter" name="TealReportCard_append_fs_returns_self"/>
    <testcase time="0.00799999999999912" classname="teal_reporter" name="TealReportCard_append_fs_returns_title_and_content"/>
    <testcase time="0.00300000000000011" classname="teal_reporter" name="TealReportCard_append_fs_returns_title_and_content"/>
    <testcase time="0.00500000000000078" classname="teal_reporter" name="TealSlicesBlock_new_accepts_teal_slices_only"/>
    <testcase time="0.00499999999999901" classname="teal_reporter" name="TealSlicesBlock_new_accepts_teal_slices_only"/>
    <testcase time="0.0080000000000009" classname="teal_reporter" name="TealSlicesBlock_get_content_returns_yaml_character"/>
    <testcase time="0.00699999999999967" classname="teal_reporter" name="TealSlicesBlock_to_list_returns_list_containing_teal_slices"/>
    <testcase time="0.0210000000000008" classname="teal_reporter" name="TealSlicesBlock_from_list_retains_states_from_a_list"/>
  </testsuite>
  <testsuite name="teal_slices" timestamp="2023-12-05T15:38:45Z" hostname="8558541aa276" tests="18" skipped="0" failures="0" errors="0" time="0.11">
    <testcase time="0.00799999999999912" classname="teal_slices" name="teal_slices_produces_teal_slices_object_with_teal_specific_attributes"/>
    <testcase time="0.000999999999999446" classname="teal_slices" name="teal_slices_produces_teal_slices_object_with_teal_specific_attributes"/>
    <testcase time="0.00300000000000011" classname="teal_slices" name="teal_slices_produces_teal_slices_object_with_teal_specific_attributes"/>
    <testcase time="0.00100000000000122" classname="teal_slices" name="teal_slices_produces_teal_slices_object_with_teal_specific_attributes"/>
    <testcase time="0.00600000000000023" classname="teal_slices" name="teal_slices_fails_when_inexisting_teal_slice_id_is_specified_in_mapping"/>
    <testcase time="0.00699999999999967" classname="teal_slices" name="teal_slices_fails_when_inexisting_teal_slice_id_is_specified_in_mapping"/>
    <testcase time="0.00900000000000034" classname="teal_slices" name="teal_slices_processes_filter_mapping"/>
    <testcase time="0.00699999999999967" classname="teal_slices" name="teal_slices_processes_filter_mapping"/>
    <testcase time="0.0129999999999999" classname="teal_slices" name="teal_slices_drops_non_global_filters_if_module_specific_FALSE"/>
    <testcase time="0.00699999999999967" classname="teal_slices" name="teal_slices_drops_non_global_filters_if_module_specific_FALSE"/>
    <testcase time="0.0139999999999993" classname="teal_slices" name="deep_copy_filters_copies_teal_slice_changes_pointer_of_teal_slice_object_but_values_remain_the_same"/>
    <testcase time="0.00400000000000134" classname="teal_slices" name="deep_copy_filters_copies_teal_slice_changes_pointer_of_teal_slice_object_but_values_remain_the_same"/>
    <testcase time="0.00599999999999845" classname="teal_slices" name="teal_slices_mapping_should_be_an_empty_list_or_a_named_list_or_missing"/>
    <testcase time="0.00400000000000134" classname="teal_slices" name="teal_slices_mapping_should_be_an_empty_list_or_a_named_list_or_missing"/>
    <testcase time="0.00300000000000011" classname="teal_slices" name="teal_slices_mapping_should_be_an_empty_list_or_a_named_list_or_missing"/>
    <testcase time="0.00600000000000023" classname="teal_slices" name="teal_slices_mapping_should_be_an_empty_list_or_a_named_list_or_missing"/>
    <testcase time="0.00499999999999901" classname="teal_slices" name="teal_slices_mapping_should_be_an_empty_list_or_a_named_list_or_missing"/>
    <testcase time="0.00600000000000023" classname="teal_slices" name="teal_slices_mapping_should_be_an_empty_list_or_a_named_list_or_missing"/>
  </testsuite>
  <testsuite name="utils" timestamp="2023-12-05T15:38:45Z" hostname="8558541aa276" tests="10" skipped="0" failures="0" errors="0" time="0.044">
    <testcase time="0.00799999999999912" classname="utils" name="get_teal_bs_theme"/>
    <testcase time="0.016" classname="utils" name="get_teal_bs_theme"/>
    <testcase time="0.00100000000000122" classname="utils" name="get_teal_bs_theme"/>
    <testcase time="0.000999999999999446" classname="utils" name="get_teal_bs_theme"/>
    <testcase time="0.0120000000000005" classname="utils" name="report_card_template_function_returns_TealReportCard_object_with_appropriate_content_and_labels"/>
    <testcase time="0.000999999999999446" classname="utils" name="report_card_template_function_returns_TealReportCard_object_with_appropriate_content_and_labels"/>
    <testcase time="0.000999999999999446" classname="utils" name="report_card_template_function_returns_TealReportCard_object_with_appropriate_content_and_labels"/>
    <testcase time="0.00200000000000067" classname="utils" name="report_card_template_function_returns_TealReportCard_object_with_appropriate_content_and_labels"/>
    <testcase time="0.000999999999999446" classname="utils" name="report_card_template_function_returns_TealReportCard_object_with_appropriate_content_and_labels"/>
    <testcase time="0.00100000000000122" classname="utils" name="report_card_template_function_returns_TealReportCard_object_with_appropriate_content_and_labels"/>
  </testsuite>
  <testsuite name="validate_has_data" timestamp="2023-12-05T15:38:45Z" hostname="8558541aa276" tests="17" skipped="0" failures="0" errors="0" time="0.101">
    <testcase time="0.00699999999999967" classname="validate_has_data" name="validate_has_data_throws_no_error_when_data_has_at_least_as_many_rows_as_min_nrow"/>
    <testcase time="0.00200000000000067" classname="validate_has_data" name="validate_has_data_throws_no_error_when_data_has_at_least_as_many_rows_as_min_nrow"/>
    <testcase time="0.00699999999999967" classname="validate_has_data" name="validate_has_data_throws_error_when_min_nrow_rows_of_data"/>
    <testcase time="0.00399999999999956" classname="validate_has_data" name="validate_has_data_accepts_logical_complete_argument"/>
    <testcase time="0.00200000000000067" classname="validate_has_data" name="validate_has_data_accepts_logical_complete_argument"/>
    <testcase time="0.00699999999999967" classname="validate_has_data" name="validate_has_data_throws_error_when_data_has_NA_and_complete_is_set_to_TRUE"/>
    <testcase time="0.00499999999999901" classname="validate_has_data" name="validate_has_data_accepts_logical_allow_inf_argument"/>
    <testcase time="0.0150000000000006" classname="validate_has_data" name="validate_has_data_accepts_logical_allow_inf_argument"/>
    <testcase time="0.00799999999999912" classname="validate_has_data" name="validate_has_data_accepts_throws_error_when_data_has_Inf_values_and_allow_inf_is_set_to_FALSE"/>
    <testcase time="0.00600000000000023" classname="validate_has_data" name="validate_has_data_accepts_throws_error_when_data_has_Inf_values_and_allow_inf_is_set_to_FALSE"/>
    <testcase time="0.00500000000000078" classname="validate_has_data" name="validate_has_data_accepts_throws_error_when_data_has_Inf_values_and_allow_inf_is_set_to_FALSE"/>
    <testcase time="0.00399999999999956" classname="validate_has_data" name="validate_has_data_allow_inf_argument_ignores_non_numeric_columns"/>
    <testcase time="0.00399999999999956" classname="validate_has_data" name="validate_has_data_allow_inf_argument_ignores_non_numeric_columns"/>
    <testcase time="0.00700000000000145" classname="validate_has_data" name="validate_has_data_returns_message_when_msg_argument_is_set"/>
    <testcase time="0.00699999999999967" classname="validate_has_data" name="validate_has_data_returns_message_msg_argument_is_set_and_complete_is_set_to_TRUE"/>
    <testcase time="0.00699999999999967" classname="validate_has_data" name="validate_has_data_returns_throws_error_with_non_character_msg_input"/>
    <testcase time="0.00399999999999956" classname="validate_has_data" name="validate_has_data_returns_throws_error_with_non_character_msg_input"/>
  </testsuite>
  <testsuite name="validate_inputs" timestamp="2023-12-05T15:38:45Z" hostname="8558541aa276" tests="36" skipped="0" failures="0" errors="0" time="0.483">
    <testcase time="0.011000000000001" classname="validate_inputs" name="invalid_arguments_raise_errors"/>
    <testcase time="0.00399999999999956" classname="validate_inputs" name="invalid_arguments_raise_errors"/>
    <testcase time="0.0220000000000002" classname="validate_inputs" name="disabled_validators_raise_warnings_individual_validators_"/>
    <testcase time="0.016" classname="validate_inputs" name="disabled_validators_raise_warnings_validator_list_"/>
    <testcase time="0.0169999999999995" classname="validate_inputs" name="disabled_validators_raise_warnings_nested_validator_list_"/>
    <testcase time="0.0790000000000006" classname="validate_inputs" name="valid_inputs_produce_desired_output_individual_validators_"/>
    <testcase time="0.020999999999999" classname="validate_inputs" name="valid_inputs_produce_desired_output_validator_list_"/>
    <testcase time="0.0210000000000008" classname="validate_inputs" name="valid_inputs_produce_desired_output_nested_validator_list_"/>
    <testcase time="0.0229999999999997" classname="validate_inputs" name="invalid_inputs_raise_errors_in_output_individual_validators_"/>
    <testcase time="0.0199999999999996" classname="validate_inputs" name="invalid_inputs_raise_errors_in_output_individual_validators_"/>
    <testcase time="0.0190000000000001" classname="validate_inputs" name="invalid_inputs_raise_errors_in_output_individual_validators_"/>
    <testcase time="0.0229999999999997" classname="validate_inputs" name="invalid_inputs_raise_errors_in_output_validator_list_"/>
    <testcase time="0.0190000000000001" classname="validate_inputs" name="invalid_inputs_raise_errors_in_output_validator_list_"/>
    <testcase time="0.0199999999999996" classname="validate_inputs" name="invalid_inputs_raise_errors_in_output_validator_list_"/>
    <testcase time="0.0230000000000015" classname="validate_inputs" name="invalid_inputs_raise_errors_in_output_nested_validator_list_"/>
    <testcase time="0.0199999999999996" classname="validate_inputs" name="invalid_inputs_raise_errors_in_output_nested_validator_list_"/>
    <testcase time="0.0199999999999996" classname="validate_inputs" name="invalid_inputs_raise_errors_in_output_nested_validator_list_"/>
    <testcase time="0.0259999999999998" classname="validate_inputs" name="error_message_is_formatted_properly"/>
    <testcase time="0.00600000000000023" classname="validate_inputs" name="error_message_is_formatted_properly"/>
    <testcase time="0.00600000000000023" classname="validate_inputs" name="error_message_is_formatted_properly"/>
    <testcase time="0.00699999999999967" classname="validate_inputs" name="error_message_is_formatted_properly"/>
    <testcase time="0.00600000000000023" classname="validate_inputs" name="error_message_is_formatted_properly"/>
    <testcase time="0.00200000000000067" classname="validate_inputs" name="error_message_is_formatted_properly"/>
    <testcase time="0.00199999999999889" classname="validate_inputs" name="error_message_is_formatted_properly"/>
    <testcase time="0.00200000000000067" classname="validate_inputs" name="error_message_is_formatted_properly"/>
    <testcase time="0.00200000000000067" classname="validate_inputs" name="error_message_is_formatted_properly"/>
    <testcase time="0.00299999999999834" classname="validate_inputs" name="error_message_is_formatted_properly"/>
    <testcase time="0.00100000000000122" classname="validate_inputs" name="error_message_is_formatted_properly"/>
    <testcase time="0.00300000000000011" classname="validate_inputs" name="error_message_is_formatted_properly"/>
    <testcase time="0.000999999999999446" classname="validate_inputs" name="error_message_is_formatted_properly"/>
    <testcase time="0.00300000000000011" classname="validate_inputs" name="error_message_is_formatted_properly"/>
    <testcase time="0.00200000000000067" classname="validate_inputs" name="error_message_is_formatted_properly"/>
    <testcase time="0.00199999999999889" classname="validate_inputs" name="error_message_is_formatted_properly"/>
    <testcase time="0.0250000000000004" classname="validate_inputs" name="different_validation_modes_produce_proper_messages"/>
    <testcase time="0.00300000000000011" classname="validate_inputs" name="different_validation_modes_produce_proper_messages"/>
    <testcase time="0.00300000000000011" classname="validate_inputs" name="different_validation_modes_produce_proper_messages"/>
  </testsuite>
</testsuites>
